<?xml version="1.0" encoding="UTF-8"?>
<testsuite name="LibraryTest" tests="1" skipped="0" failures="0" errors="0" timestamp="2015-01-25T05:34:18" hostname="Kallins-MacBook-Pro-2.local" time="0.042">
  <properties/>
  <testcase name="someLibraryMethod returns true" classname="LibraryTest" time="0.042"/>
  <system-out><![CDATA[]]></system-out>
  <system-err><![CDATA[]]></system-err>
</testsuite>
